2019-06-24 14:22:34,264 INFO o.a.j.u.JMeterUtils: Setting Locale to en_EN
2019-06-24 14:22:34,296 INFO o.a.j.JMeter: Loading user properties from: /usr/local/Cellar/jmeter/5.1.1/libexec/bin/user.properties
2019-06-24 14:22:34,297 INFO o.a.j.JMeter: Loading system properties from: /usr/local/Cellar/jmeter/5.1.1/libexec/bin/system.properties
2019-06-24 14:22:34,303 INFO o.a.j.JMeter: Copyright (c) 1998-2019 The Apache Software Foundation
2019-06-24 14:22:34,303 INFO o.a.j.JMeter: Version 5.1.1 r1855137
2019-06-24 14:22:34,303 INFO o.a.j.JMeter: java.version=11.0.2
2019-06-24 14:22:34,303 INFO o.a.j.JMeter: java.vm.name=OpenJDK 64-Bit Server VM
2019-06-24 14:22:34,303 INFO o.a.j.JMeter: os.name=Mac OS X
2019-06-24 14:22:34,303 INFO o.a.j.JMeter: os.arch=x86_64
2019-06-24 14:22:34,304 INFO o.a.j.JMeter: os.version=10.14.5
2019-06-24 14:22:34,304 INFO o.a.j.JMeter: file.encoding=UTF-8
2019-06-24 14:22:34,304 INFO o.a.j.JMeter: java.awt.headless=null
2019-06-24 14:22:34,304 INFO o.a.j.JMeter: Max memory     =1073741824
2019-06-24 14:22:34,304 INFO o.a.j.JMeter: Available Processors =8
2019-06-24 14:22:34,313 INFO o.a.j.JMeter: Default Locale=English (EN)
2019-06-24 14:22:34,314 INFO o.a.j.JMeter: JMeter  Locale=English (EN)
2019-06-24 14:22:34,314 INFO o.a.j.JMeter: JMeterHome=/usr/local/Cellar/jmeter/5.1.1/libexec
2019-06-24 14:22:34,314 INFO o.a.j.JMeter: user.dir  =/SAPDevelop/Apps/gitProjects/gitProjects
2019-06-24 14:22:34,314 INFO o.a.j.JMeter: PWD       =/SAPDevelop/Apps/gitProjects/gitProjects
2019-06-24 14:22:34,382 INFO o.a.j.JMeter: IP: 10.27.180.84 Name: C02WT09FHTDH FullName: c02wt09fhtdh.dhcp.ktw.sap.corp
2019-06-24 14:22:35,956 INFO o.a.j.g.a.LookAndFeelCommand: Installing Darcula LAF
2019-06-24 14:22:35,965 INFO o.a.j.g.a.LookAndFeelCommand: Using look and feel: com.apple.laf.AquaLookAndFeel [Darcula]
2019-06-24 14:22:35,965 INFO o.a.j.JMeter: Setting LAF to: com.apple.laf.AquaLookAndFeel
2019-06-24 14:22:35,968 INFO o.a.j.JMeter: Loaded icon properties from org/apache/jmeter/images/icon.properties
2019-06-24 14:22:37,514 INFO k.a.j.JMeterPluginsUtils: JMeter-Plugins.org v.1.4.0
2019-06-24 14:22:38,049 WARN o.a.j.g.u.MenuFactory: Could not instantiate class: kg.apc.jmeter.reporters.LoadosophiaUploaderGui
java.lang.reflect.InvocationTargetException: null
	at jdk.internal.reflect.NativeConstructorAccessorImpl.newInstance0(Native Method) ~[?:?]
	at jdk.internal.reflect.NativeConstructorAccessorImpl.newInstance(NativeConstructorAccessorImpl.java:62) ~[?:?]
	at jdk.internal.reflect.DelegatingConstructorAccessorImpl.newInstance(DelegatingConstructorAccessorImpl.java:45) ~[?:?]
	at java.lang.reflect.Constructor.newInstance(Constructor.java:490) ~[?:?]
	at org.apache.jmeter.gui.util.MenuFactory.getGUIComponent(MenuFactory.java:174) [ApacheJMeter_core.jar:5.1.1 r1855137]
	at org.apache.jmeter.gui.util.MenuFactory.initializeMenus(MenuFactory.java:141) [ApacheJMeter_core.jar:5.1.1 r1855137]
	at org.apache.jmeter.gui.util.MenuFactory.<clinit>(MenuFactory.java:106) [ApacheJMeter_core.jar:5.1.1 r1855137]
	at org.apache.jmeter.control.gui.TestPlanGui.createPopupMenu(TestPlanGui.java:92) [ApacheJMeter_core.jar:5.1.1 r1855137]
	at org.apache.jmeter.gui.tree.JMeterTreeNode.createPopupMenu(JMeterTreeNode.java:185) [ApacheJMeter_core.jar:5.1.1 r1855137]
	at org.apache.jmeter.gui.action.EditCommand.doAction(EditCommand.java:46) [ApacheJMeter_core.jar:5.1.1 r1855137]
	at org.apache.jmeter.gui.action.ActionRouter.performAction(ActionRouter.java:88) [ApacheJMeter_core.jar:5.1.1 r1855137]
	at org.apache.jmeter.gui.action.ActionRouter.lambda$actionPerformed$0(ActionRouter.java:70) [ApacheJMeter_core.jar:5.1.1 r1855137]
	at java.awt.event.InvocationEvent.dispatch(InvocationEvent.java:313) [?:?]
	at java.awt.EventQueue.dispatchEventImpl(EventQueue.java:770) [?:?]
	at java.awt.EventQueue$4.run(EventQueue.java:721) [?:?]
	at java.awt.EventQueue$4.run(EventQueue.java:715) [?:?]
	at java.security.AccessController.doPrivileged(Native Method) [?:?]
	at java.security.ProtectionDomain$JavaSecurityAccessImpl.doIntersectionPrivilege(ProtectionDomain.java:85) [?:?]
	at java.awt.EventQueue.dispatchEvent(EventQueue.java:740) [?:?]
	at java.awt.EventDispatchThread.pumpOneEventForFilters(EventDispatchThread.java:203) [?:?]
	at java.awt.EventDispatchThread.pumpEventsForFilter(EventDispatchThread.java:124) [?:?]
	at java.awt.EventDispatchThread.pumpEventsForHierarchy(EventDispatchThread.java:113) [?:?]
	at java.awt.EventDispatchThread.pumpEvents(EventDispatchThread.java:109) [?:?]
	at java.awt.EventDispatchThread.pumpEvents(EventDispatchThread.java:101) [?:?]
	at java.awt.EventDispatchThread.run(EventDispatchThread.java:90) [?:?]
Caused by: java.lang.NoClassDefFoundError: org/apache/commons/httpclient/methods/multipart/PartSource
	at kg.apc.jmeter.reporters.LoadosophiaUploaderGui.init(LoadosophiaUploaderGui.java:114) ~[JMeterPlugins-Standard.jar:?]
	at kg.apc.jmeter.reporters.LoadosophiaUploaderGui.<init>(LoadosophiaUploaderGui.java:28) ~[JMeterPlugins-Standard.jar:?]
	... 25 more
Caused by: java.lang.ClassNotFoundException: org.apache.commons.httpclient.methods.multipart.PartSource
	at java.net.URLClassLoader.findClass(URLClassLoader.java:471) ~[?:?]
	at java.lang.ClassLoader.loadClass(ClassLoader.java:588) ~[?:?]
	at java.lang.ClassLoader.loadClass(ClassLoader.java:521) ~[?:?]
	at kg.apc.jmeter.reporters.LoadosophiaUploaderGui.init(LoadosophiaUploaderGui.java:114) ~[JMeterPlugins-Standard.jar:?]
	at kg.apc.jmeter.reporters.LoadosophiaUploaderGui.<init>(LoadosophiaUploaderGui.java:28) ~[JMeterPlugins-Standard.jar:?]
	... 25 more
2019-06-24 14:22:38,631 INFO o.a.j.p.h.s.HTTPSamplerBase: Parser for text/html is org.apache.jmeter.protocol.http.parser.LagartoBasedHtmlParser
2019-06-24 14:22:38,632 INFO o.a.j.p.h.s.HTTPSamplerBase: Parser for application/xhtml+xml is org.apache.jmeter.protocol.http.parser.LagartoBasedHtmlParser
2019-06-24 14:22:38,632 INFO o.a.j.p.h.s.HTTPSamplerBase: Parser for application/xml is org.apache.jmeter.protocol.http.parser.LagartoBasedHtmlParser
2019-06-24 14:22:38,632 INFO o.a.j.p.h.s.HTTPSamplerBase: Parser for text/xml is org.apache.jmeter.protocol.http.parser.LagartoBasedHtmlParser
2019-06-24 14:22:38,632 INFO o.a.j.p.h.s.HTTPSamplerBase: Parser for text/vnd.wap.wml is org.apache.jmeter.protocol.http.parser.RegexpHTMLParser
2019-06-24 14:22:38,632 INFO o.a.j.p.h.s.HTTPSamplerBase: Parser for text/css is org.apache.jmeter.protocol.http.parser.CssParser
2019-06-24 14:22:38,945 INFO o.a.j.e.KeyToolUtils: keytool found at 'keytool'
2019-06-24 14:22:38,945 INFO o.a.j.p.h.p.ProxyControl: HTTP(S) Test Script Recorder SSL Proxy will use keys that support embedded 3rd party resources in file /usr/local/Cellar/jmeter/5.1.1/libexec/bin/proxyserver.jks
2019-06-24 14:22:39,068 INFO o.a.j.s.FileServer: Default base='/SAPDevelop/Apps/gitProjects/gitProjects'
2019-06-24 14:22:39,315 INFO o.a.j.s.SampleResult: Note: Sample TimeStamps are START times
2019-06-24 14:22:39,315 INFO o.a.j.s.SampleResult: sampleresult.default.encoding is set to ISO-8859-1
2019-06-24 14:22:39,315 INFO o.a.j.s.SampleResult: sampleresult.useNanoTime=true
2019-06-24 14:22:39,315 INFO o.a.j.s.SampleResult: sampleresult.nanoThreadSleep=5000
2019-06-24 14:22:39,335 INFO o.a.j.v.ViewResultsFullVisualizer: Add JavaFX to your Java installation if you want to use renderer: org.apache.jmeter.visualizers.RenderInBrowser
2019-06-24 14:23:02,328 INFO o.a.j.g.a.Load: Loading file: /SAPDevelop/jmeter/gitjmeter/EC_PlaceOrder_URL.jmx
2019-06-24 14:23:02,328 INFO o.a.j.s.FileServer: Set new base='/SAPDevelop/jmeter/gitjmeter'
2019-06-24 14:23:02,490 INFO o.a.j.s.SaveService: Testplan (JMX) version: 2.2. Testlog (JTL) version: 2.2
2019-06-24 14:23:02,509 INFO o.a.j.s.SaveService: Using SaveService properties version 5.0
2019-06-24 14:23:02,510 INFO o.a.j.s.SaveService: Using SaveService properties file encoding UTF-8
2019-06-24 14:23:02,512 INFO o.a.j.s.SaveService: Loading file: /SAPDevelop/jmeter/gitjmeter/EC_PlaceOrder_URL.jmx
2019-06-24 14:23:02,537 INFO o.a.j.p.h.c.CookieManager: Settings: Delete null: true Check: true Allow variable: true Save: false Prefix: COOKIE_
2019-06-24 14:23:02,706 INFO o.a.j.v.ViewResultsFullVisualizer: Add JavaFX to your Java installation if you want to use renderer: org.apache.jmeter.visualizers.RenderInBrowser
2019-06-24 14:23:02,759 INFO o.a.j.v.ViewResultsFullVisualizer: Add JavaFX to your Java installation if you want to use renderer: org.apache.jmeter.visualizers.RenderInBrowser
2019-06-24 14:23:02,788 INFO o.a.j.s.FileServer: Set new base='/SAPDevelop/jmeter/gitjmeter'
2019-06-24 14:23:24,162 INFO o.a.j.e.StandardJMeterEngine: Running the test!
2019-06-24 14:23:24,166 INFO o.a.j.s.SampleEvent: List of sample_variables: []
2019-06-24 14:23:24,166 INFO o.a.j.s.SampleEvent: List of sample_variables: []
2019-06-24 14:23:24,168 INFO o.a.j.e.u.CompoundVariable: Note: Function class names must contain the string: '.functions.'
2019-06-24 14:23:24,168 INFO o.a.j.e.u.CompoundVariable: Note: Function class names must not contain the string: '.gui.'
2019-06-24 14:23:24,420 INFO o.a.j.g.u.JMeterMenuBar: setRunning(true, *local*)
2019-06-24 14:23:24,469 INFO o.a.j.e.StandardJMeterEngine: Starting ThreadGroup: 1 : DEV-COM-6-BY-URLs
2019-06-24 14:23:24,469 INFO o.a.j.e.StandardJMeterEngine: Starting 1 threads for group DEV-COM-6-BY-URLs.
2019-06-24 14:23:24,469 INFO o.a.j.e.StandardJMeterEngine: Thread will continue on error
2019-06-24 14:23:24,469 INFO o.a.j.t.ThreadGroup: Starting thread group... number=1 threads=1 ramp-up=1 delayedStart=false
2019-06-24 14:23:24,478 INFO o.a.j.t.ThreadGroup: Started thread group number 1
2019-06-24 14:23:24,478 INFO o.a.j.e.StandardJMeterEngine: All thread groups have been started
2019-06-24 14:23:24,481 INFO o.a.j.t.JMeterThread: Thread started: DEV-COM-6-BY-URLs 1-1
2019-06-24 14:23:24,499 INFO o.a.j.p.h.s.HTTPHCAbstractImpl: Local host = C02WT09FHTDH
2019-06-24 14:23:24,506 INFO o.a.j.p.h.s.HTTPHC4Impl: HTTP request retry count = 0
2019-06-24 14:23:24,661 INFO o.a.j.p.h.s.h.LazyLayeredConnectionSocketFactory: Setting up HTTPS TrustAll Socket Factory
2019-06-24 14:23:24,666 INFO o.a.j.u.JsseSSLManager: Using default SSL protocol: TLS
2019-06-24 14:23:24,667 INFO o.a.j.u.JsseSSLManager: SSL session context: per-thread
2019-06-24 14:23:24,799 INFO o.a.j.u.SSLManager: JmeterKeyStore Location:  type JKS
2019-06-24 14:23:24,802 INFO o.a.j.u.SSLManager: KeyStore created OK
2019-06-24 14:23:24,802 WARN o.a.j.u.SSLManager: Keystore file not found, loading empty keystore
2019-06-24 14:23:58,259 INFO o.a.j.u.BeanShellTestElement: Order Number grabbed: [not found orderNumberExtractor]
2019-06-24 14:23:58,827 INFO o.a.j.t.JMeterThread: Thread is done: DEV-COM-6-BY-URLs 1-1
2019-06-24 14:23:58,828 INFO o.a.j.t.JMeterThread: Thread finished: DEV-COM-6-BY-URLs 1-1
2019-06-24 14:23:58,828 INFO o.a.j.e.StandardJMeterEngine: Notifying test listeners of end of test
2019-06-24 14:23:58,829 INFO o.a.j.g.u.JMeterMenuBar: setRunning(false, *local*)
2019-06-24 14:24:07,240 ERROR o.a.j.JMeter: Uncaught exception: 
java.lang.ClassCastException: class javax.swing.text.AbstractDocument$DefaultDocumentEventUndoableWrapper cannot be cast to class javax.swing.text.AbstractDocument$DefaultDocumentEvent (javax.swing.text.AbstractDocument$DefaultDocumentEventUndoableWrapper and javax.swing.text.AbstractDocument$DefaultDocumentEvent are in module java.desktop of loader 'bootstrap')
	at jsyntaxpane.CompoundUndoMan.undoableEditHappened(CompoundUndoMan.java:61) ~[jsyntaxpane-1.0.0.jar:1.0.0]
	at javax.swing.text.AbstractDocument.fireUndoableEditUpdate(AbstractDocument.java:293) ~[?:?]
	at javax.swing.text.AbstractDocument.handleInsertString(AbstractDocument.java:761) ~[?:?]
	at javax.swing.text.AbstractDocument.insertString(AbstractDocument.java:716) ~[?:?]
	at javax.swing.text.PlainDocument.insertString(PlainDocument.java:131) ~[?:?]
	at org.apache.jmeter.visualizers.SamplerResultTab.setTextOptimized(SamplerResultTab.java:692) ~[ApacheJMeter_components.jar:5.1.1 r1855137]
	at org.apache.jmeter.visualizers.RenderAsText.showTextResponse(RenderAsText.java:36) ~[ApacheJMeter_components.jar:5.1.1 r1855137]
	at org.apache.jmeter.visualizers.RenderAsText.renderResult(RenderAsText.java:31) ~[ApacheJMeter_components.jar:5.1.1 r1855137]
	at org.apache.jmeter.visualizers.ViewResultsFullVisualizer.valueChanged(ViewResultsFullVisualizer.java:392) ~[ApacheJMeter_components.jar:5.1.1 r1855137]
	at org.apache.jmeter.visualizers.ViewResultsFullVisualizer.valueChanged(ViewResultsFullVisualizer.java:365) ~[ApacheJMeter_components.jar:5.1.1 r1855137]
	at javax.swing.JTree.fireValueChanged(JTree.java:2967) ~[?:?]
	at javax.swing.JTree$TreeSelectionRedirector.valueChanged(JTree.java:3456) ~[?:?]
	at javax.swing.tree.DefaultTreeSelectionModel.fireValueChanged(DefaultTreeSelectionModel.java:641) ~[?:?]
	at javax.swing.tree.DefaultTreeSelectionModel.notifyPathChange(DefaultTreeSelectionModel.java:1111) ~[?:?]
	at javax.swing.tree.DefaultTreeSelectionModel.setSelectionPaths(DefaultTreeSelectionModel.java:297) ~[?:?]
	at javax.swing.tree.DefaultTreeSelectionModel.setSelectionPath(DefaultTreeSelectionModel.java:191) ~[?:?]
	at javax.swing.JTree.setSelectionPath(JTree.java:1656) ~[?:?]
	at javax.swing.plaf.basic.BasicTreeUI.selectPathForEvent(BasicTreeUI.java:2736) ~[?:?]
	at javax.swing.plaf.basic.BasicTreeUI$Handler.handleSelection(BasicTreeUI.java:4016) ~[?:?]
	at javax.swing.plaf.basic.BasicTreeUI$Handler.mousePressed(BasicTreeUI.java:3955) ~[?:?]
	at java.awt.Component.processMouseEvent(Component.java:6629) ~[?:?]
	at javax.swing.JComponent.processMouseEvent(JComponent.java:3342) ~[?:?]
	at java.awt.Component.processEvent(Component.java:6397) ~[?:?]
	at java.awt.Container.processEvent(Container.java:2263) ~[?:?]
	at java.awt.Component.dispatchEventImpl(Component.java:5008) ~[?:?]
	at java.awt.Container.dispatchEventImpl(Container.java:2321) ~[?:?]
	at java.awt.Component.dispatchEvent(Component.java:4840) ~[?:?]
	at java.awt.LightweightDispatcher.retargetMouseEvent(Container.java:4918) ~[?:?]
	at java.awt.LightweightDispatcher.processMouseEvent(Container.java:4544) ~[?:?]
	at java.awt.LightweightDispatcher.dispatchEvent(Container.java:4488) ~[?:?]
	at java.awt.Container.dispatchEventImpl(Container.java:2307) ~[?:?]
	at java.awt.Window.dispatchEventImpl(Window.java:2772) ~[?:?]
	at java.awt.Component.dispatchEvent(Component.java:4840) ~[?:?]
	at java.awt.EventQueue.dispatchEventImpl(EventQueue.java:772) ~[?:?]
	at java.awt.EventQueue$4.run(EventQueue.java:721) ~[?:?]
	at java.awt.EventQueue$4.run(EventQueue.java:715) ~[?:?]
	at java.security.AccessController.doPrivileged(Native Method) ~[?:?]
	at java.security.ProtectionDomain$JavaSecurityAccessImpl.doIntersectionPrivilege(ProtectionDomain.java:85) ~[?:?]
	at java.security.ProtectionDomain$JavaSecurityAccessImpl.doIntersectionPrivilege(ProtectionDomain.java:95) ~[?:?]
	at java.awt.EventQueue$5.run(EventQueue.java:745) ~[?:?]
	at java.awt.EventQueue$5.run(EventQueue.java:743) ~[?:?]
	at java.security.AccessController.doPrivileged(Native Method) ~[?:?]
	at java.security.ProtectionDomain$JavaSecurityAccessImpl.doIntersectionPrivilege(ProtectionDomain.java:85) ~[?:?]
	at java.awt.EventQueue.dispatchEvent(EventQueue.java:742) ~[?:?]
	at java.awt.EventDispatchThread.pumpOneEventForFilters(EventDispatchThread.java:203) [?:?]
	at java.awt.EventDispatchThread.pumpEventsForFilter(EventDispatchThread.java:124) [?:?]
	at java.awt.EventDispatchThread.pumpEventsForHierarchy(EventDispatchThread.java:113) [?:?]
	at java.awt.EventDispatchThread.pumpEvents(EventDispatchThread.java:109) [?:?]
	at java.awt.EventDispatchThread.pumpEvents(EventDispatchThread.java:101) [?:?]
	at java.awt.EventDispatchThread.run(EventDispatchThread.java:90) [?:?]
2019-06-24 14:25:32,102 INFO o.a.j.e.StandardJMeterEngine: Running the test!
2019-06-24 14:25:32,103 INFO o.a.j.s.SampleEvent: List of sample_variables: []
2019-06-24 14:25:32,104 INFO o.a.j.g.u.JMeterMenuBar: setRunning(true, *local*)
2019-06-24 14:25:32,151 INFO o.a.j.e.StandardJMeterEngine: Starting ThreadGroup: 1 : SAMPLE-TEST-URLs
2019-06-24 14:25:32,151 INFO o.a.j.e.StandardJMeterEngine: Starting 1 threads for group SAMPLE-TEST-URLs.
2019-06-24 14:25:32,152 INFO o.a.j.e.StandardJMeterEngine: Thread will continue on error
2019-06-24 14:25:32,152 INFO o.a.j.t.ThreadGroup: Starting thread group... number=1 threads=1 ramp-up=1 delayedStart=false
2019-06-24 14:25:32,156 INFO o.a.j.t.ThreadGroup: Started thread group number 1
2019-06-24 14:25:32,157 INFO o.a.j.e.StandardJMeterEngine: All thread groups have been started
2019-06-24 14:25:32,157 INFO o.a.j.t.JMeterThread: Thread started: SAMPLE-TEST-URLs 1-1
2019-06-24 14:25:32,169 INFO o.a.j.u.BeanShellTestElement: Order Number grabbed: [not found orderNumberExtractor]
2019-06-24 14:25:32,170 INFO o.a.j.t.JMeterThread: Thread is done: SAMPLE-TEST-URLs 1-1
2019-06-24 14:25:32,170 INFO o.a.j.t.JMeterThread: Thread finished: SAMPLE-TEST-URLs 1-1
2019-06-24 14:25:32,170 INFO o.a.j.e.StandardJMeterEngine: Notifying test listeners of end of test
2019-06-24 14:25:32,170 INFO o.a.j.g.u.JMeterMenuBar: setRunning(false, *local*)
2019-06-24 14:25:50,632 INFO o.a.j.v.ViewResultsFullVisualizer: Add JavaFX to your Java installation if you want to use renderer: org.apache.jmeter.visualizers.RenderInBrowser
2019-06-24 14:25:50,652 INFO o.a.j.g.a.Load: Loading file: /SAPDevelop/jmeter/gitjmeter/StoreFront.jmx
2019-06-24 14:25:50,652 INFO o.a.j.s.FileServer: Set new base='/SAPDevelop/jmeter/gitjmeter'
2019-06-24 14:25:50,652 INFO o.a.j.s.SaveService: Loading file: /SAPDevelop/jmeter/gitjmeter/StoreFront.jmx
2019-06-24 14:25:50,676 INFO o.a.j.v.ViewResultsFullVisualizer: Add JavaFX to your Java installation if you want to use renderer: org.apache.jmeter.visualizers.RenderInBrowser
2019-06-24 14:25:50,699 INFO o.a.j.s.FileServer: Set new base='/SAPDevelop/jmeter/gitjmeter'
2019-06-24 14:26:06,301 INFO o.a.j.g.a.Load: Loading file: /SAPDevelop/jmeter/gitjmeter/EC_PlaceOrder_API.jmx
2019-06-24 14:26:06,301 INFO o.a.j.s.FileServer: Set new base='/SAPDevelop/jmeter/gitjmeter'
2019-06-24 14:26:06,302 INFO o.a.j.s.SaveService: Loading file: /SAPDevelop/jmeter/gitjmeter/EC_PlaceOrder_API.jmx
2019-06-24 14:26:06,406 INFO o.a.j.v.ViewResultsFullVisualizer: Add JavaFX to your Java installation if you want to use renderer: org.apache.jmeter.visualizers.RenderInBrowser
2019-06-24 14:26:06,466 WARN o.a.j.t.g.GenericTestBeanCustomizer: kg.apc.jmeter.listener.GraphsGeneratorListener#graphWidth(int) has a DEFAULT of class java.lang.String
2019-06-24 14:26:06,466 WARN o.a.j.t.g.GenericTestBeanCustomizer: kg.apc.jmeter.listener.GraphsGeneratorListener#graphHeight(int) has a DEFAULT of class java.lang.String
2019-06-24 14:26:06,516 INFO o.a.j.v.ViewResultsFullVisualizer: Add JavaFX to your Java installation if you want to use renderer: org.apache.jmeter.visualizers.RenderInBrowser
2019-06-24 14:26:06,545 INFO o.a.j.v.ViewResultsFullVisualizer: Add JavaFX to your Java installation if you want to use renderer: org.apache.jmeter.visualizers.RenderInBrowser
2019-06-24 14:26:06,640 INFO o.a.j.v.ViewResultsFullVisualizer: Add JavaFX to your Java installation if you want to use renderer: org.apache.jmeter.visualizers.RenderInBrowser
2019-06-24 14:26:06,667 INFO o.a.j.s.FileServer: Set new base='/SAPDevelop/jmeter/gitjmeter'
2019-06-24 14:26:27,301 INFO o.a.j.e.StandardJMeterEngine: Running the test!
2019-06-24 14:26:27,302 INFO o.a.j.s.SampleEvent: List of sample_variables: []
2019-06-24 14:26:27,306 INFO o.a.j.g.u.JMeterMenuBar: setRunning(true, *local*)
2019-06-24 14:26:27,367 INFO o.a.j.e.StandardJMeterEngine: Starting ThreadGroup: 1 : ycommercewebservices-local
2019-06-24 14:26:27,367 INFO o.a.j.e.StandardJMeterEngine: Starting 50 threads for group ycommercewebservices-local.
2019-06-24 14:26:27,367 INFO o.a.j.e.StandardJMeterEngine: Thread will continue on error
2019-06-24 14:26:27,367 INFO o.a.j.t.ThreadGroup: Starting thread group... number=1 threads=50 ramp-up=50 delayedStart=false
2019-06-24 14:26:27,375 INFO o.a.j.t.JMeterThread: Thread started: ycommercewebservices-local 1-1
2019-06-24 14:26:27,542 INFO o.a.j.t.ThreadGroup: Started thread group number 1
2019-06-24 14:26:27,542 INFO o.a.j.e.StandardJMeterEngine: All thread groups have been started
2019-06-24 14:26:28,377 INFO o.a.j.t.JMeterThread: Thread started: ycommercewebservices-local 1-2
2019-06-24 14:26:29,376 INFO o.a.j.t.JMeterThread: Thread started: ycommercewebservices-local 1-3
2019-06-24 14:26:30,375 INFO o.a.j.t.JMeterThread: Thread started: ycommercewebservices-local 1-4
2019-06-24 14:26:31,374 INFO o.a.j.t.JMeterThread: Thread started: ycommercewebservices-local 1-5
2019-06-24 14:26:32,378 INFO o.a.j.t.JMeterThread: Thread started: ycommercewebservices-local 1-6
2019-06-24 14:26:33,373 INFO o.a.j.t.JMeterThread: Thread started: ycommercewebservices-local 1-7
2019-06-24 14:26:34,376 INFO o.a.j.t.JMeterThread: Thread started: ycommercewebservices-local 1-8
2019-06-24 14:26:35,373 INFO o.a.j.t.JMeterThread: Thread started: ycommercewebservices-local 1-9
2019-06-24 14:26:35,616 INFO o.a.j.g.a.Start: Stopping test
2019-06-24 14:26:35,655 INFO o.a.j.t.JMeterThread: Stopping: ycommercewebservices-local 1-15
2019-06-24 14:26:35,655 INFO o.a.j.t.JMeterThread: Stopping: ycommercewebservices-local 1-27
2019-06-24 14:26:35,655 INFO o.a.j.t.JMeterThread: Stopping: ycommercewebservices-local 1-23
2019-06-24 14:26:35,655 INFO o.a.j.t.JMeterThread: Thread started: ycommercewebservices-local 1-15
2019-06-24 14:26:35,656 INFO o.a.j.t.JMeterThread: Stopping: ycommercewebservices-local 1-40
2019-06-24 14:26:35,655 INFO o.a.j.t.JMeterThread: Thread started: ycommercewebservices-local 1-27
2019-06-24 14:26:35,656 INFO o.a.j.t.JMeterThread: Stopping: ycommercewebservices-local 1-19
2019-06-24 14:26:35,656 INFO o.a.j.t.JMeterThread: Thread started: ycommercewebservices-local 1-23
2019-06-24 14:26:35,656 INFO o.a.j.t.JMeterThread: Stopping: ycommercewebservices-local 1-11
2019-06-24 14:26:35,656 INFO o.a.j.t.JMeterThread: Thread finished: ycommercewebservices-local 1-27
2019-06-24 14:26:35,656 INFO o.a.j.t.JMeterThread: Thread finished: ycommercewebservices-local 1-15
2019-06-24 14:26:35,656 INFO o.a.j.t.JMeterThread: Thread started: ycommercewebservices-local 1-40
2019-06-24 14:26:35,656 INFO o.a.j.t.JMeterThread: Thread started: ycommercewebservices-local 1-19
2019-06-24 14:26:35,656 INFO o.a.j.t.JMeterThread: Thread finished: ycommercewebservices-local 1-23
2019-06-24 14:26:35,656 INFO o.a.j.t.JMeterThread: Stopping: ycommercewebservices-local 1-43
2019-06-24 14:26:35,656 INFO o.a.j.t.JMeterThread: Thread started: ycommercewebservices-local 1-11
2019-06-24 14:26:35,658 INFO o.a.j.t.JMeterThread: Thread finished: ycommercewebservices-local 1-40
2019-06-24 14:26:35,658 INFO o.a.j.t.JMeterThread: Stopping: ycommercewebservices-local 1-13
2019-06-24 14:26:35,658 INFO o.a.j.t.JMeterThread: Thread started: ycommercewebservices-local 1-43
2019-06-24 14:26:35,658 INFO o.a.j.t.JMeterThread: Thread finished: ycommercewebservices-local 1-11
2019-06-24 14:26:35,658 INFO o.a.j.t.JMeterThread: Thread finished: ycommercewebservices-local 1-19
2019-06-24 14:26:35,658 INFO o.a.j.t.JMeterThread: Stopping: ycommercewebservices-local 1-42
2019-06-24 14:26:35,658 INFO o.a.j.t.JMeterThread: Thread started: ycommercewebservices-local 1-13
2019-06-24 14:26:35,658 INFO o.a.j.t.JMeterThread: Thread finished: ycommercewebservices-local 1-43
2019-06-24 14:26:35,658 INFO o.a.j.t.JMeterThread: Stopping: ycommercewebservices-local 1-10
2019-06-24 14:26:35,658 INFO o.a.j.t.JMeterThread: Thread started: ycommercewebservices-local 1-42
2019-06-24 14:26:35,658 INFO o.a.j.t.JMeterThread: Stopping: ycommercewebservices-local 1-38
2019-06-24 14:26:35,658 INFO o.a.j.t.JMeterThread: Thread finished: ycommercewebservices-local 1-13
2019-06-24 14:26:35,658 INFO o.a.j.t.JMeterThread: Stopping: ycommercewebservices-local 1-16
2019-06-24 14:26:35,658 INFO o.a.j.t.JMeterThread: Thread started: ycommercewebservices-local 1-10
2019-06-24 14:26:35,658 INFO o.a.j.t.JMeterThread: Thread finished: ycommercewebservices-local 1-42
2019-06-24 14:26:35,658 INFO o.a.j.t.JMeterThread: Stopping: ycommercewebservices-local 1-5
2019-06-24 14:26:35,658 INFO o.a.j.t.JMeterThread: Thread started: ycommercewebservices-local 1-38
2019-06-24 14:26:35,659 INFO o.a.j.t.JMeterThread: Thread started: ycommercewebservices-local 1-16
2019-06-24 14:26:35,659 WARN o.a.j.t.JMeterThread: Interrupting: ycommercewebservices-local 1-5 sampler: [c].Adding 3-rd products to the cart
2019-06-24 14:26:35,659 INFO o.a.j.t.JMeterThread: Thread finished: ycommercewebservices-local 1-10
2019-06-24 14:26:35,659 INFO o.a.j.t.JMeterThread: Thread finished: ycommercewebservices-local 1-38
2019-06-24 14:26:35,659 INFO o.a.j.t.JMeterThread: Thread finished: ycommercewebservices-local 1-16
2019-06-24 14:26:35,660 INFO o.a.j.t.JMeterThread: Stopping: ycommercewebservices-local 1-44
2019-06-24 14:26:35,661 INFO o.a.j.t.JMeterThread: Stopping: ycommercewebservices-local 1-30
2019-06-24 14:26:35,661 INFO o.a.j.t.JMeterThread: Stopping: ycommercewebservices-local 1-48
2019-06-24 14:26:35,661 INFO o.a.j.t.JMeterThread: Thread started: ycommercewebservices-local 1-44
2019-06-24 14:26:35,661 INFO o.a.j.t.JMeterThread: Stopping: ycommercewebservices-local 1-17
2019-06-24 14:26:35,661 INFO o.a.j.t.JMeterThread: Thread started: ycommercewebservices-local 1-30
2019-06-24 14:26:35,661 INFO o.a.j.t.JMeterThread: Stopping: ycommercewebservices-local 1-46
2019-06-24 14:26:35,661 INFO o.a.j.t.JMeterThread: Thread started: ycommercewebservices-local 1-48
2019-06-24 14:26:35,661 INFO o.a.j.t.JMeterThread: Thread finished: ycommercewebservices-local 1-44
2019-06-24 14:26:35,661 INFO o.a.j.t.JMeterThread: Stopping: ycommercewebservices-local 1-33
2019-06-24 14:26:35,661 INFO o.a.j.t.JMeterThread: Thread finished: ycommercewebservices-local 1-30
2019-06-24 14:26:35,661 INFO o.a.j.t.JMeterThread: Stopping: ycommercewebservices-local 1-50
2019-06-24 14:26:35,661 INFO o.a.j.t.JMeterThread: Thread finished: ycommercewebservices-local 1-48
2019-06-24 14:26:35,661 INFO o.a.j.t.JMeterThread: Thread started: ycommercewebservices-local 1-17
2019-06-24 14:26:35,661 INFO o.a.j.t.JMeterThread: Thread started: ycommercewebservices-local 1-46
2019-06-24 14:26:35,661 INFO o.a.j.t.JMeterThread: Stopping: ycommercewebservices-local 1-8
2019-06-24 14:26:35,661 INFO o.a.j.t.JMeterThread: Thread started: ycommercewebservices-local 1-33
2019-06-24 14:26:35,661 INFO o.a.j.t.JMeterThread: Thread started: ycommercewebservices-local 1-50
2019-06-24 14:26:35,662 INFO o.a.j.t.JMeterThread: Stopping: ycommercewebservices-local 1-3
2019-06-24 14:26:35,662 INFO o.a.j.t.JMeterThread: Thread finished: ycommercewebservices-local 1-46
2019-06-24 14:26:35,662 INFO o.a.j.t.JMeterThread: Thread finished: ycommercewebservices-local 1-17
2019-06-24 14:26:35,662 WARN o.a.j.t.JMeterThread: The delay timer was interrupted - probably did not wait as long as intended.
2019-06-24 14:26:35,662 WARN o.a.j.t.JMeterThread: Interrupting: ycommercewebservices-local 1-3 sampler: [c].Adding 3-rd products to the cart
2019-06-24 14:26:35,662 INFO o.a.j.t.JMeterThread: Thread finished: ycommercewebservices-local 1-33
2019-06-24 14:26:35,662 INFO o.a.j.t.JMeterThread: Thread finished: ycommercewebservices-local 1-8
2019-06-24 14:26:35,662 INFO o.a.j.t.JMeterThread: Thread finished: ycommercewebservices-local 1-50
2019-06-24 14:26:35,663 INFO o.a.j.t.JMeterThread: Stopping: ycommercewebservices-local 1-25
2019-06-24 14:26:35,663 INFO o.a.j.t.JMeterThread: Stopping: ycommercewebservices-local 1-45
2019-06-24 14:26:35,664 INFO o.a.j.t.JMeterThread: Stopping: ycommercewebservices-local 1-29
2019-06-24 14:26:35,664 INFO o.a.j.t.JMeterThread: Thread started: ycommercewebservices-local 1-25
2019-06-24 14:26:35,664 INFO o.a.j.t.JMeterThread: Stopping: ycommercewebservices-local 1-37
2019-06-24 14:26:35,664 INFO o.a.j.t.JMeterThread: Thread started: ycommercewebservices-local 1-45
2019-06-24 14:26:35,664 INFO o.a.j.t.JMeterThread: Stopping: ycommercewebservices-local 1-24
2019-06-24 14:26:35,664 INFO o.a.j.t.JMeterThread: Thread started: ycommercewebservices-local 1-29
2019-06-24 14:26:35,664 INFO o.a.j.t.JMeterThread: Thread finished: ycommercewebservices-local 1-25
2019-06-24 14:26:35,664 INFO o.a.j.t.JMeterThread: Stopping: ycommercewebservices-local 1-18
2019-06-24 14:26:35,664 INFO o.a.j.t.JMeterThread: Thread finished: ycommercewebservices-local 1-45
2019-06-24 14:26:35,664 INFO o.a.j.t.JMeterThread: Stopping: ycommercewebservices-local 1-6
2019-06-24 14:26:35,664 INFO o.a.j.t.JMeterThread: Thread started: ycommercewebservices-local 1-37
2019-06-24 14:26:35,664 INFO o.a.j.t.JMeterThread: Thread finished: ycommercewebservices-local 1-29
2019-06-24 14:26:35,664 INFO o.a.j.t.JMeterThread: Thread started: ycommercewebservices-local 1-24
2019-06-24 14:26:35,664 WARN o.a.j.t.JMeterThread: Interrupting: ycommercewebservices-local 1-6 sampler: [c].Adding 3-rd products to the cart
2019-06-24 14:26:35,664 INFO o.a.j.t.JMeterThread: Thread started: ycommercewebservices-local 1-18
2019-06-24 14:26:35,665 INFO o.a.j.t.JMeterThread: Thread finished: ycommercewebservices-local 1-37
2019-06-24 14:26:35,665 INFO o.a.j.t.JMeterThread: Thread finished: ycommercewebservices-local 1-24
2019-06-24 14:26:35,665 INFO o.a.j.t.JMeterThread: Thread finished: ycommercewebservices-local 1-3
2019-06-24 14:26:35,665 INFO o.a.j.t.JMeterThread: Thread finished: ycommercewebservices-local 1-18
2019-06-24 14:26:35,666 INFO o.a.j.t.JMeterThread: Stopping: ycommercewebservices-local 1-2
2019-06-24 14:26:35,666 WARN o.a.j.t.JMeterThread: Interrupting: ycommercewebservices-local 1-2 sampler: [c].Adding 3-rd products to the cart
2019-06-24 14:26:35,667 INFO o.a.j.t.JMeterThread: Stopping: ycommercewebservices-local 1-12
2019-06-24 14:26:35,667 INFO o.a.j.t.JMeterThread: Stopping: ycommercewebservices-local 1-1
2019-06-24 14:26:35,667 WARN o.a.j.t.JMeterThread: Interrupting: ycommercewebservices-local 1-1 sampler: [c].Adding 3-rd products to the cart
2019-06-24 14:26:35,668 INFO o.a.j.t.JMeterThread: Thread finished: ycommercewebservices-local 1-6
2019-06-24 14:26:35,667 INFO o.a.j.t.JMeterThread: Thread started: ycommercewebservices-local 1-12
2019-06-24 14:26:35,669 INFO o.a.j.t.JMeterThread: Stopping: ycommercewebservices-local 1-49
2019-06-24 14:26:35,669 INFO o.a.j.t.JMeterThread: Thread finished: ycommercewebservices-local 1-12
2019-06-24 14:26:35,669 INFO o.a.j.t.JMeterThread: Thread finished: ycommercewebservices-local 1-2
2019-06-24 14:26:35,669 INFO o.a.j.t.JMeterThread: Stopping: ycommercewebservices-local 1-36
2019-06-24 14:26:35,669 INFO o.a.j.t.JMeterThread: Stopping: ycommercewebservices-local 1-21
2019-06-24 14:26:35,669 INFO o.a.j.t.JMeterThread: Thread started: ycommercewebservices-local 1-49
2019-06-24 14:26:35,669 INFO o.a.j.t.JMeterThread: Thread started: ycommercewebservices-local 1-36
2019-06-24 14:26:35,669 INFO o.a.j.t.JMeterThread: Stopping: ycommercewebservices-local 1-39
2019-06-24 14:26:35,669 INFO o.a.j.t.JMeterThread: Stopping: ycommercewebservices-local 1-35
2019-06-24 14:26:35,669 INFO o.a.j.t.JMeterThread: Thread finished: ycommercewebservices-local 1-49
2019-06-24 14:26:35,669 INFO o.a.j.t.JMeterThread: Thread finished: ycommercewebservices-local 1-36
2019-06-24 14:26:35,669 INFO o.a.j.t.JMeterThread: Thread started: ycommercewebservices-local 1-21
2019-06-24 14:26:35,670 INFO o.a.j.t.JMeterThread: Thread started: ycommercewebservices-local 1-39
2019-06-24 14:26:35,670 INFO o.a.j.t.JMeterThread: Thread started: ycommercewebservices-local 1-35
2019-06-24 14:26:35,670 INFO o.a.j.t.JMeterThread: Thread finished: ycommercewebservices-local 1-21
2019-06-24 14:26:35,670 INFO o.a.j.t.JMeterThread: Thread finished: ycommercewebservices-local 1-1
2019-06-24 14:26:35,669 INFO o.a.j.t.JMeterThread: Stopping: ycommercewebservices-local 1-4
2019-06-24 14:26:35,670 INFO o.a.j.t.JMeterThread: Thread finished: ycommercewebservices-local 1-39
2019-06-24 14:26:35,670 INFO o.a.j.t.JMeterThread: Thread finished: ycommercewebservices-local 1-35
2019-06-24 14:26:35,670 WARN o.a.j.t.JMeterThread: Interrupting: ycommercewebservices-local 1-4 sampler: [c].Adding 3-rd products to the cart
2019-06-24 14:26:35,672 INFO o.a.j.t.JMeterThread: Stopping: ycommercewebservices-local 1-31
2019-06-24 14:26:35,672 INFO o.a.j.t.JMeterThread: Stopping: ycommercewebservices-local 1-7
2019-06-24 14:26:35,672 WARN o.a.j.t.JMeterThread: Interrupting: ycommercewebservices-local 1-7 sampler: [c].Adding 2-nd products to the cart
2019-06-24 14:26:35,672 INFO o.a.j.t.JMeterThread: Thread started: ycommercewebservices-local 1-31
2019-06-24 14:26:35,673 INFO o.a.j.t.JMeterThread: Thread finished: ycommercewebservices-local 1-31
2019-06-24 14:26:35,674 INFO o.a.j.t.JMeterThread: Stopping: ycommercewebservices-local 1-22
2019-06-24 14:26:35,674 INFO o.a.j.t.JMeterThread: Stopping: ycommercewebservices-local 1-32
2019-06-24 14:26:35,674 INFO o.a.j.t.JMeterThread: Stopping: ycommercewebservices-local 1-34
2019-06-24 14:26:35,674 INFO o.a.j.t.JMeterThread: Thread started: ycommercewebservices-local 1-22
2019-06-24 14:26:35,674 INFO o.a.j.t.JMeterThread: Thread finished: ycommercewebservices-local 1-4
2019-06-24 14:26:35,674 INFO o.a.j.t.JMeterThread: Stopping: ycommercewebservices-local 1-26
2019-06-24 14:26:35,674 INFO o.a.j.t.JMeterThread: Thread started: ycommercewebservices-local 1-32
2019-06-24 14:26:35,675 INFO o.a.j.t.JMeterThread: Stopping: ycommercewebservices-local 1-20
2019-06-24 14:26:35,675 INFO o.a.j.t.JMeterThread: Thread finished: ycommercewebservices-local 1-22
2019-06-24 14:26:35,675 INFO o.a.j.t.JMeterThread: Thread started: ycommercewebservices-local 1-34
2019-06-24 14:26:35,675 INFO o.a.j.t.JMeterThread: Stopping: ycommercewebservices-local 1-28
2019-06-24 14:26:35,675 INFO o.a.j.t.JMeterThread: Thread finished: ycommercewebservices-local 1-32
2019-06-24 14:26:35,675 INFO o.a.j.t.JMeterThread: Thread started: ycommercewebservices-local 1-26
2019-06-24 14:26:35,675 INFO o.a.j.t.JMeterThread: Thread finished: ycommercewebservices-local 1-34
2019-06-24 14:26:35,675 INFO o.a.j.t.JMeterThread: Stopping: ycommercewebservices-local 1-47
2019-06-24 14:26:35,675 INFO o.a.j.t.JMeterThread: Thread started: ycommercewebservices-local 1-20
2019-06-24 14:26:35,675 INFO o.a.j.t.JMeterThread: Stopping: ycommercewebservices-local 1-41
2019-06-24 14:26:35,675 INFO o.a.j.t.JMeterThread: Thread started: ycommercewebservices-local 1-28
2019-06-24 14:26:35,675 INFO o.a.j.t.JMeterThread: Thread finished: ycommercewebservices-local 1-26
2019-06-24 14:26:35,675 INFO o.a.j.t.JMeterThread: Thread finished: ycommercewebservices-local 1-20
2019-06-24 14:26:35,675 INFO o.a.j.t.JMeterThread: Stopping: ycommercewebservices-local 1-14
2019-06-24 14:26:35,675 INFO o.a.j.t.JMeterThread: Stopping: ycommercewebservices-local 1-9
2019-06-24 14:26:35,675 INFO o.a.j.t.JMeterThread: Thread finished: ycommercewebservices-local 1-28
2019-06-24 14:26:35,675 INFO o.a.j.t.JMeterThread: Thread started: ycommercewebservices-local 1-41
2019-06-24 14:26:35,675 INFO o.a.j.t.JMeterThread: Thread started: ycommercewebservices-local 1-47
2019-06-24 14:26:35,675 WARN o.a.j.t.JMeterThread: Interrupting: ycommercewebservices-local 1-9 sampler: [p].Registering new user
2019-06-24 14:26:35,675 INFO o.a.j.t.JMeterThread: Thread started: ycommercewebservices-local 1-14
2019-06-24 14:26:35,676 INFO o.a.j.t.JMeterThread: Thread finished: ycommercewebservices-local 1-47
2019-06-24 14:26:35,676 INFO o.a.j.t.JMeterThread: Thread finished: ycommercewebservices-local 1-41
2019-06-24 14:26:35,678 INFO o.a.j.t.JMeterThread: Thread finished: ycommercewebservices-local 1-14
2019-06-24 14:26:35,679 INFO o.a.j.t.JMeterThread: Thread finished: ycommercewebservices-local 1-9
2019-06-24 14:26:35,679 INFO o.a.j.t.JMeterThread: Thread finished: ycommercewebservices-local 1-7
2019-06-24 14:26:35,689 INFO o.a.j.t.JMeterThread: Thread finished: ycommercewebservices-local 1-5
2019-06-24 14:26:35,690 INFO o.a.j.e.StandardJMeterEngine: Notifying test listeners of end of test
2019-06-24 14:26:35,690 INFO o.a.j.g.u.JMeterMenuBar: setRunning(false, *local*)
2019-06-24 14:26:49,789 INFO o.a.j.e.StandardJMeterEngine: Running the test!
2019-06-24 14:26:49,790 INFO o.a.j.s.SampleEvent: List of sample_variables: []
2019-06-24 14:26:49,793 INFO o.a.j.g.u.JMeterMenuBar: setRunning(true, *local*)
2019-06-24 14:26:49,852 INFO o.a.j.e.StandardJMeterEngine: Starting ThreadGroup: 1 : ycommercewebservices-local
2019-06-24 14:26:49,853 INFO o.a.j.e.StandardJMeterEngine: Starting 1 threads for group ycommercewebservices-local.
2019-06-24 14:26:49,853 INFO o.a.j.e.StandardJMeterEngine: Thread will continue on error
2019-06-24 14:26:49,853 INFO o.a.j.t.ThreadGroup: Starting thread group... number=1 threads=1 ramp-up=1 delayedStart=false
2019-06-24 14:26:49,858 INFO o.a.j.t.ThreadGroup: Started thread group number 1
2019-06-24 14:26:49,858 INFO o.a.j.e.StandardJMeterEngine: All thread groups have been started
2019-06-24 14:26:49,859 INFO o.a.j.t.JMeterThread: Thread started: ycommercewebservices-local 1-1
2019-06-24 14:26:52,944 INFO o.a.j.t.JMeterThread: Thread is done: ycommercewebservices-local 1-1
2019-06-24 14:26:52,944 INFO o.a.j.t.JMeterThread: Thread finished: ycommercewebservices-local 1-1
2019-06-24 14:26:52,945 INFO o.a.j.e.StandardJMeterEngine: Notifying test listeners of end of test
2019-06-24 14:26:52,945 INFO o.a.j.g.u.JMeterMenuBar: setRunning(false, *local*)
2019-06-24 14:26:55,885 ERROR o.a.j.JMeter: Uncaught exception: 
java.lang.ClassCastException: class javax.swing.text.AbstractDocument$DefaultDocumentEventUndoableWrapper cannot be cast to class javax.swing.text.AbstractDocument$DefaultDocumentEvent (javax.swing.text.AbstractDocument$DefaultDocumentEventUndoableWrapper and javax.swing.text.AbstractDocument$DefaultDocumentEvent are in module java.desktop of loader 'bootstrap')
	at jsyntaxpane.CompoundUndoMan.undoableEditHappened(CompoundUndoMan.java:61) ~[jsyntaxpane-1.0.0.jar:1.0.0]
	at javax.swing.text.AbstractDocument.fireUndoableEditUpdate(AbstractDocument.java:293) ~[?:?]
	at javax.swing.text.AbstractDocument.handleInsertString(AbstractDocument.java:761) ~[?:?]
	at javax.swing.text.AbstractDocument.insertString(AbstractDocument.java:716) ~[?:?]
	at javax.swing.text.PlainDocument.insertString(PlainDocument.java:131) ~[?:?]
	at org.apache.jmeter.visualizers.SamplerResultTab.setTextOptimized(SamplerResultTab.java:692) ~[ApacheJMeter_components.jar:5.1.1 r1855137]
	at org.apache.jmeter.visualizers.RenderAsText.showTextResponse(RenderAsText.java:36) ~[ApacheJMeter_components.jar:5.1.1 r1855137]
	at org.apache.jmeter.visualizers.RenderAsText.renderResult(RenderAsText.java:31) ~[ApacheJMeter_components.jar:5.1.1 r1855137]
	at org.apache.jmeter.visualizers.ViewResultsFullVisualizer.valueChanged(ViewResultsFullVisualizer.java:392) ~[ApacheJMeter_components.jar:5.1.1 r1855137]
	at org.apache.jmeter.visualizers.ViewResultsFullVisualizer.valueChanged(ViewResultsFullVisualizer.java:365) ~[ApacheJMeter_components.jar:5.1.1 r1855137]
	at javax.swing.JTree.fireValueChanged(JTree.java:2967) ~[?:?]
	at javax.swing.JTree$TreeSelectionRedirector.valueChanged(JTree.java:3456) ~[?:?]
	at javax.swing.tree.DefaultTreeSelectionModel.fireValueChanged(DefaultTreeSelectionModel.java:641) ~[?:?]
	at javax.swing.tree.DefaultTreeSelectionModel.notifyPathChange(DefaultTreeSelectionModel.java:1111) ~[?:?]
	at javax.swing.tree.DefaultTreeSelectionModel.setSelectionPaths(DefaultTreeSelectionModel.java:297) ~[?:?]
	at javax.swing.tree.DefaultTreeSelectionModel.setSelectionPath(DefaultTreeSelectionModel.java:191) ~[?:?]
	at javax.swing.JTree.setSelectionPath(JTree.java:1656) ~[?:?]
	at javax.swing.plaf.basic.BasicTreeUI.selectPathForEvent(BasicTreeUI.java:2736) ~[?:?]
	at javax.swing.plaf.basic.BasicTreeUI$Handler.handleSelection(BasicTreeUI.java:4016) ~[?:?]
	at javax.swing.plaf.basic.BasicTreeUI$Handler.mousePressed(BasicTreeUI.java:3955) ~[?:?]
	at java.awt.Component.processMouseEvent(Component.java:6629) ~[?:?]
	at javax.swing.JComponent.processMouseEvent(JComponent.java:3342) ~[?:?]
	at java.awt.Component.processEvent(Component.java:6397) ~[?:?]
	at java.awt.Container.processEvent(Container.java:2263) ~[?:?]
	at java.awt.Component.dispatchEventImpl(Component.java:5008) ~[?:?]
	at java.awt.Container.dispatchEventImpl(Container.java:2321) ~[?:?]
	at java.awt.Component.dispatchEvent(Component.java:4840) ~[?:?]
	at java.awt.LightweightDispatcher.retargetMouseEvent(Container.java:4918) ~[?:?]
	at java.awt.LightweightDispatcher.processMouseEvent(Container.java:4544) ~[?:?]
	at java.awt.LightweightDispatcher.dispatchEvent(Container.java:4488) ~[?:?]
	at java.awt.Container.dispatchEventImpl(Container.java:2307) ~[?:?]
	at java.awt.Window.dispatchEventImpl(Window.java:2772) ~[?:?]
	at java.awt.Component.dispatchEvent(Component.java:4840) ~[?:?]
	at java.awt.EventQueue.dispatchEventImpl(EventQueue.java:772) ~[?:?]
	at java.awt.EventQueue$4.run(EventQueue.java:721) ~[?:?]
	at java.awt.EventQueue$4.run(EventQueue.java:715) ~[?:?]
	at java.security.AccessController.doPrivileged(Native Method) ~[?:?]
	at java.security.ProtectionDomain$JavaSecurityAccessImpl.doIntersectionPrivilege(ProtectionDomain.java:85) ~[?:?]
	at java.security.ProtectionDomain$JavaSecurityAccessImpl.doIntersectionPrivilege(ProtectionDomain.java:95) ~[?:?]
	at java.awt.EventQueue$5.run(EventQueue.java:745) ~[?:?]
	at java.awt.EventQueue$5.run(EventQueue.java:743) ~[?:?]
	at java.security.AccessController.doPrivileged(Native Method) ~[?:?]
	at java.security.ProtectionDomain$JavaSecurityAccessImpl.doIntersectionPrivilege(ProtectionDomain.java:85) ~[?:?]
	at java.awt.EventQueue.dispatchEvent(EventQueue.java:742) ~[?:?]
	at java.awt.EventDispatchThread.pumpOneEventForFilters(EventDispatchThread.java:203) [?:?]
	at java.awt.EventDispatchThread.pumpEventsForFilter(EventDispatchThread.java:124) [?:?]
	at java.awt.EventDispatchThread.pumpEventsForHierarchy(EventDispatchThread.java:113) [?:?]
	at java.awt.EventDispatchThread.pumpEvents(EventDispatchThread.java:109) [?:?]
	at java.awt.EventDispatchThread.pumpEvents(EventDispatchThread.java:101) [?:?]
	at java.awt.EventDispatchThread.run(EventDispatchThread.java:90) [?:?]
